0	02:06:38.359	Custom indicator env_ma_indicator EURUSD_i,M5: loaded successfully
0	02:06:38.434	env_ma_indicator EURUSD_i,M5: initialized
0	02:34:27.909	Custom indicator Awesome USDCHF_i,M5: loaded successfully
0	02:34:29.133	Awesome USDCHF_i,M5: initialized
0	02:42:02.791	Custom indicator Accelerator USDCHF_i,M5: loaded successfully
0	02:42:04.563	Accelerator USDCHF_i,M5: initialized
0	02:42:35.950	Accelerator USDCHF_i,M5: uninit reason 1
0	02:42:35.956	Custom indicator Accelerator USDCHF_i,M5: removed
0	02:42:42.190	Custom indicator Accumulation USDCHF_i,M5: loaded successfully
0	02:42:43.860	Accumulation USDCHF_i,M5: initialized
0	02:42:55.935	Accumulation USDCHF_i,M5: uninit reason 1
0	02:42:55.942	Custom indicator Accumulation USDCHF_i,M5: removed
0	02:43:02.127	Custom indicator ATR USDCHF_i,M5: loaded successfully
0	02:43:03.289	ATR USDCHF_i,M5: initialized
0	02:43:09.660	ATR USDCHF_i,M5: uninit reason 1
0	02:43:09.666	Custom indicator ATR USDCHF_i,M5: removed
0	02:43:14.887	Custom indicator Alligator USDCHF_i,M5: loaded successfully
0	02:43:16.102	Alligator USDCHF_i,M5: initialized
0	02:44:15.645	Alligator USDCHF_i,M5: uninit reason 5
0	02:44:15.708	Alligator USDCHF_i,M5: initialized
0	02:44:49.042	Alligator USDCHF_i,M5: uninit reason 1
0	02:44:49.049	Custom indicator Alligator USDCHF_i,M5: removed
0	02:44:54.187	Awesome USDCHF_i,M5: uninit reason 1
0	02:44:54.193	Custom indicator Awesome USDCHF_i,M5: removed
0	02:45:15.596	Custom indicator Custom Moving Averages USDCHF_i,M5: loaded successfully
0	02:45:20.358	Custom Moving Averages USDCHF_i,M5: initialized
0	02:45:24.595	Custom Moving Averages USDCHF_i,M5: uninit reason 1
0	02:45:24.601	Custom indicator Custom Moving Averages USDCHF_i,M5: removed
0	02:45:47.114	Custom indicator Ichimoku USDCHF_i,M5: loaded successfully
0	02:45:48.349	Ichimoku USDCHF_i,M5: initialized
0	02:46:32.886	Ichimoku USDCHF_i,M5: uninit reason 5
0	02:46:32.926	Ichimoku USDCHF_i,M5: initialized
0	02:46:56.754	Ichimoku USDCHF_i,M5: uninit reason 5
0	02:46:56.820	Ichimoku USDCHF_i,M5: initialized
0	02:48:33.638	Ichimoku USDCHF_i,M5: uninit reason 1
0	02:48:33.644	Custom indicator Ichimoku USDCHF_i,M5: removed
0	02:50:11.794	Custom indicator Bears USDCHF_i,M5: loaded successfully
0	02:50:12.700	Bears USDCHF_i,M5: initialized
0	02:50:15.923	Bears USDCHF_i,M5: uninit reason 1
0	02:50:15.929	Custom indicator Bears USDCHF_i,M5: removed
0	02:50:32.251	Custom indicator Heiken Ashi USDCHF_i,M5: loaded successfully
0	02:50:33.406	Heiken Ashi USDCHF_i,M5: initialized
0	02:50:44.153	Heiken Ashi USDCHF_i,M5: uninit reason 1
0	02:50:44.159	Custom indicator Heiken Ashi USDCHF_i,M5: removed
0	02:50:52.178	Custom indicator iExposure USDCHF_i,M5: loaded successfully
0	02:50:53.469	iExposure USDCHF_i,M5: initialized
0	02:51:01.408	iExposure USDCHF_i,M5: uninit reason 1
0	02:51:01.414	Custom indicator iExposure USDCHF_i,M5: removed
0	02:51:11.722	Custom indicator OsMA USDCHF_i,M5: loaded successfully
0	02:51:12.748	OsMA USDCHF_i,M5: initialized
0	02:51:15.737	OsMA USDCHF_i,M5: uninit reason 1
0	02:51:15.744	Custom indicator OsMA USDCHF_i,M5: removed
0	02:51:21.747	Custom indicator ZigZag USDCHF_i,M5: loaded successfully
0	02:51:26.553	ZigZag USDCHF_i,M5: initialized
0	02:51:51.487	ZigZag USDCHF_i,M5: uninit reason 5
0	02:51:51.528	ZigZag USDCHF_i,M5: initialized
0	02:52:19.325	ZigZag USDCHF_i,M5: uninit reason 5
0	02:52:19.369	ZigZag USDCHF_i,M5: initialized
0	02:54:02.538	ZigZag USDCHF_i,M5: uninit reason 1
0	02:54:02.544	Custom indicator ZigZag USDCHF_i,M5: removed
0	02:55:38.311	Custom indicator Alligator USDCHF_i,M5: loaded successfully
0	02:55:40.157	Alligator USDCHF_i,M5: initialized
0	02:55:42.873	Alligator USDCHF_i,M5: uninit reason 1
0	02:55:42.879	Custom indicator Alligator USDCHF_i,M5: removed
0	02:55:48.959	Custom indicator Awesome USDCHF_i,M5: loaded successfully
0	02:55:49.929	Awesome USDCHF_i,M5: initialized
0	02:56:28.190	Awesome USDCHF_i,M5: uninit reason 1
0	02:56:28.197	Custom indicator Awesome USDCHF_i,M5: removed
0	03:00:50.103	Custom indicator Ichimoku USDCHF_i,M5: loaded successfully
0	03:01:03.306	Ichimoku USDCHF_i,M5: initialized
0	03:02:44.433	Ichimoku USDCHF_i,M5: uninit reason 5
0	03:02:44.501	Ichimoku USDCHF_i,M5: initialized
0	03:03:41.369	Ichimoku USDCHF_i,M5: uninit reason 5
0	03:03:41.407	Ichimoku USDCHF_i,M5: initialized
0	03:03:53.274	Ichimoku USDCHF_i,M5: uninit reason 5
0	03:03:53.317	Ichimoku USDCHF_i,M5: initialized
0	03:04:25.638	Ichimoku USDCHF_i,M5: uninit reason 5
0	03:04:25.680	Ichimoku USDCHF_i,M5: initialized
0	03:04:49.663	Ichimoku USDCHF_i,M5: uninit reason 5
0	03:04:49.722	Ichimoku USDCHF_i,M5: initialized
0	03:05:15.454	Ichimoku USDCHF_i,M5: uninit reason 5
0	03:05:15.510	Ichimoku USDCHF_i,M5: initialized
0	03:06:10.249	Ichimoku USDCHF_i,M5: uninit reason 3
0	03:06:10.251	Ichimoku USDCHF_i,M1: initialized
0	04:49:38.395	Ichimoku USDCHF_i,M1: uninit reason 5
0	04:49:38.451	Ichimoku USDCHF_i,M1: initialized
0	04:51:18.566	Ichimoku USDCHF_i,M1: uninit reason 3
0	04:51:18.567	Ichimoku USDCHF_i,M5: initialized
0	04:53:32.005	env_ma_indicator EURUSD_i,M5: uninit reason 9
0	04:53:32.005	Ichimoku USDCHF_i,M5: uninit reason 9
0	04:53:32.140	Custom indicator env_ma_indicator EURUSD_i,M5: removed
0	04:53:32.187	Custom indicator Ichimoku USDCHF_i,M5: removed
0	23:11:08.083	Custom indicator env_ma_indicator EURUSD_i,M5: loaded successfully
0	23:11:08.255	env_ma_indicator EURUSD_i,M5: initialized
0	23:11:08.396	Custom indicator Ichimoku USDCHF_i,M5: loaded successfully
0	23:11:08.740	Ichimoku USDCHF_i,M5: initialized
0	23:12:11.499	Ichimoku USDCHF_i,M5: uninit reason 5
0	23:12:11.546	Ichimoku USDCHF_i,M5: initialized
0	23:12:18.671	Ichimoku USDCHF_i,M5: uninit reason 3
0	23:12:18.686	Ichimoku USDCHF_i,M15: initialized
0	23:13:08.077	Ichimoku USDCHF_i,M15: uninit reason 5
0	23:13:08.140	Ichimoku USDCHF_i,M15: initialized
0	23:13:54.218	Ichimoku USDCHF_i,M15: uninit reason 3
0	23:13:54.218	Ichimoku USDCHF_i,M5: initialized
0	23:13:58.843	Ichimoku USDCHF_i,M5: uninit reason 3
0	23:13:58.858	Ichimoku USDCHF_i,M1: initialized
0	23:15:15.530	Ichimoku USDCHF_i,M1: uninit reason 1
0	23:15:15.530	Custom indicator Ichimoku USDCHF_i,M1: removed
0	23:35:43.969	env_ma_indicator EURUSD_i,M5: uninit reason 9
0	23:35:44.121	Custom indicator env_ma_indicator EURUSD_i,M5: removed
0	23:35:51.291	Compiling 'pinbar'
0	23:35:54.021	Custom indicator env_ma_indicator EURUSD_i,M5: loaded successfully
0	23:35:54.083	env_ma_indicator EURUSD_i,M5: initialized
0	23:36:06.905	Custom indicator pinbar USDCHF_i,M5: loaded successfully
0	23:36:08.306	pinbar USDCHF_i,M5: initialized
0	23:36:28.295	pinbar USDCHF_i,M5: uninit reason 2
0	23:36:28.304	Custom indicator pinbar USDCHF_i,M5: removed
0	23:36:28.343	Custom indicator pinbar USDCHF_i,M5: loaded successfully
0	23:36:28.400	pinbar USDCHF_i,M5: initialized
0	23:40:06.085	pinbar USDCHF_i,M5: uninit reason 2
0	23:40:06.098	Custom indicator pinbar USDCHF_i,M5: removed
0	23:40:06.142	Custom indicator pinbar USDCHF_i,M5: loaded successfully
0	23:40:06.217	pinbar USDCHF_i,M5: initialized
0	23:40:51.077	pinbar USDCHF_i,M5: uninit reason 2
0	23:40:51.085	Custom indicator pinbar USDCHF_i,M5: removed
0	23:40:51.131	Custom indicator pinbar USDCHF_i,M5: loaded successfully
0	23:40:51.239	pinbar USDCHF_i,M5: initialized
0	23:41:42.136	pinbar USDCHF_i,M5: uninit reason 2
0	23:41:42.143	Custom indicator pinbar USDCHF_i,M5: removed
0	23:41:42.180	Custom indicator pinbar USDCHF_i,M5: loaded successfully
0	23:41:42.242	pinbar USDCHF_i,M5: initialized
0	23:42:13.519	pinbar USDCHF_i,M5: uninit reason 2
0	23:42:13.526	Custom indicator pinbar USDCHF_i,M5: removed
0	23:42:13.584	Custom indicator pinbar USDCHF_i,M5: loaded successfully
0	23:42:13.668	pinbar USDCHF_i,M5: initialized
0	23:42:18.435	pinbar USDCHF_i,M5: uninit reason 1
0	23:42:18.441	Custom indicator pinbar USDCHF_i,M5: removed
0	23:42:21.039	Custom indicator pinbar USDCHF_i,M5: loaded successfully
0	23:42:22.229	pinbar USDCHF_i,M5: initialized
0	23:42:25.000	pinbar USDCHF_i,M5: uninit reason 3
0	23:42:25.004	pinbar USDCHF_i,M1: initialized
0	23:42:55.554	pinbar USDCHF_i,M1: uninit reason 2
0	23:42:55.561	Custom indicator pinbar USDCHF_i,M1: removed
0	23:42:55.599	Custom indicator pinbar USDCHF_i,M1: loaded successfully
0	23:42:55.695	pinbar USDCHF_i,M1: initialized
0	23:43:46.109	pinbar USDCHF_i,M1: uninit reason 2
0	23:43:46.119	Custom indicator pinbar USDCHF_i,M1: removed
0	23:43:46.155	Custom indicator pinbar USDCHF_i,M1: loaded successfully
0	23:43:46.211	pinbar USDCHF_i,M1: initialized
0	23:53:18.852	env_ma_indicator EURUSD_i,M5: uninit reason 9
0	23:53:18.852	pinbar USDCHF_i,M1: uninit reason 9
0	23:53:19.001	Custom indicator env_ma_indicator EURUSD_i,M5: removed
0	23:53:19.097	Custom indicator pinbar USDCHF_i,M1: removed
0	23:54:58.978	Custom indicator env_ma_indicator EURUSD_i,M5: loaded successfully
0	23:54:59.122	env_ma_indicator EURUSD_i,M5: initialized
0	23:54:59.204	Custom indicator pinbar USDCHF_i,M1: loaded successfully
0	23:54:59.302	pinbar USDCHF_i,M1: initialized
0	23:57:56.417	pinbar USDCHF_i,M1: uninit reason 2
0	23:57:56.424	Custom indicator pinbar USDCHF_i,M1: removed
0	23:57:56.456	Custom indicator pinbar USDCHF_i,M1: loaded successfully
0	23:57:56.497	pinbar USDCHF_i,M1: initialized
0	23:58:12.108	pinbar USDCHF_i,M1: uninit reason 2
0	23:58:12.115	Custom indicator pinbar USDCHF_i,M1: removed
0	23:58:12.148	Custom indicator pinbar USDCHF_i,M1: loaded successfully
0	23:58:12.206	pinbar USDCHF_i,M1: initialized
0	23:58:24.066	pinbar USDCHF_i,M1: uninit reason 1
0	23:58:24.073	Custom indicator pinbar USDCHF_i,M1: removed
0	23:58:26.647	Custom indicator pinbar USDCHF_i,M1: loaded successfully
0	23:58:27.786	pinbar USDCHF_i,M1: initialized
0	23:58:46.579	pinbar USDCHF_i,M1: uninit reason 2
0	23:58:46.586	Custom indicator pinbar USDCHF_i,M1: removed
0	23:58:46.621	Custom indicator pinbar USDCHF_i,M1: loaded successfully
0	23:58:46.697	pinbar USDCHF_i,M1: initialized
0	23:59:39.453	pinbar USDCHF_i,M1: uninit reason 4
0	23:59:39.464	Custom indicator pinbar USDCHF_i,M1: removed
0	23:59:47.209	env_ma_indicator EURUSD_i,M5: uninit reason 1
0	23:59:47.215	Custom indicator env_ma_indicator EURUSD_i,M5: removed
